<?xml version="1.0" encoding="UTF-8"?>
<testng-results skipped="20" failed="0" total="30" passed="10">
  <reporter-output>
  </reporter-output>
  <suite name="Ant suite" duration-ms="96" started-at="2012-08-19T19:35:42Z" finished-at="2012-08-19T19:35:42Z">
    <groups>
    </groups>
    <test name="Ant test" duration-ms="96" started-at="2012-08-19T19:35:42Z" finished-at="2012-08-19T19:35:42Z">
      <class name="org.softlang.model.Department_JML_Test">
        <test-method status="PASS" signature="test_racEnabled()[pri:0, instance:org.softlang.model.Department_JML_Test@67e7b36d]" name="test_racEnabled" duration-ms="17" started-at="2012-08-19T16:35:42Z" finished-at="2012-08-19T16:35:42Z">
          <reporter-output>
          </reporter-output>
        </test-method> <!-- test_racEnabled -->
        <test-method status="PASS" signature="test_Department__String_name__10(java.lang.String)[pri:0, instance:org.softlang.model.Department_JML_Test@67e7b36d]" name="test_Department__String_name__10" duration-ms="1" started-at="2012-08-19T16:35:42Z" data-provider="p_Department__String_name__10" depends-on-methods="org.softlang.model.Department_JML_Test.test_racEnabled" finished-at="2012-08-19T16:35:42Z">
          <params>
            <param index="0">
              <value is-null="true"/>
            </param>
          </params>
          <reporter-output>
          </reporter-output>
        </test-method> <!-- test_Department__String_name__10 -->
        <test-method status="PASS" signature="test_Department__String_name__10(java.lang.String)[pri:0, instance:org.softlang.model.Department_JML_Test@67e7b36d]" name="test_Department__String_name__10" duration-ms="0" started-at="2012-08-19T16:35:42Z" data-provider="p_Department__String_name__10" depends-on-methods="org.softlang.model.Department_JML_Test.test_racEnabled" finished-at="2012-08-19T16:35:42Z">
          <params>
            <param index="0">
              <value>
                <![CDATA[]]>
              </value>
            </param>
          </params>
          <reporter-output>
          </reporter-output>
        </test-method> <!-- test_Department__String_name__10 -->
        <test-method status="SKIP" signature="test_cut__0(org.softlang.model.Department)[pri:0, instance:org.softlang.model.Department_JML_Test@67e7b36d]" name="test_cut__0" duration-ms="0" started-at="2012-08-19T16:35:42Z" data-provider="p_instance_only" depends-on-methods="org.softlang.model.Department_JML_Test.test_racEnabled" finished-at="2012-08-19T16:35:42Z">
          <params>
            <param index="0">
              <value is-null="true"/>
            </param>
          </params>
          <exception class="org.jmlspecs.jmlunitng.testng.PreconditionSkipException">
            <message>
              <![CDATA[could not construct an object to test]]>
            </message>
            <full-stacktrace>
              <![CDATA[org.jmlspecs.jmlunitng.testng.PreconditionSkipException: could not construct an object to test
	at org.softlang.model.Department_JML_Test.test_cut__0(Department_JML_Test.java:393)
	at sun.reflect.NativeMethodAccessorImpl.invoke0(Native Method)
	at sun.reflect.NativeMethodAccessorImpl.invoke(NativeMethodAccessorImpl.java:57)
	at sun.reflect.DelegatingMethodAccessorImpl.invoke(DelegatingMethodAccessorImpl.java:43)
	at java.lang.reflect.Method.invoke(Method.java:601)
	at org.testng.internal.MethodInvocationHelper.invokeMethod(MethodInvocationHelper.java:80)
	at org.testng.internal.Invoker.invokeMethod(Invoker.java:715)
	at org.testng.internal.Invoker.invokeTestMethod(Invoker.java:907)
	at org.testng.internal.Invoker.invokeTestMethods(Invoker.java:1237)
	at org.testng.internal.TestMethodWorker.invokeTestMethods(TestMethodWorker.java:127)
	at org.testng.internal.TestMethodWorker.run(TestMethodWorker.java:111)
	at org.testng.TestRunner.privateRun(TestRunner.java:767)
	at org.testng.TestRunner.run(TestRunner.java:617)
	at org.testng.SuiteRunner.runTest(SuiteRunner.java:334)
	at org.testng.SuiteRunner.runSequentially(SuiteRunner.java:329)
	at org.testng.SuiteRunner.privateRun(SuiteRunner.java:291)
	at org.testng.SuiteRunner.run(SuiteRunner.java:240)
	at org.testng.SuiteRunnerWorker.runSuite(SuiteRunnerWorker.java:51)
	at org.testng.SuiteRunnerWorker.run(SuiteRunnerWorker.java:85)
	at org.testng.TestNG.runSuitesSequentially(TestNG.java:1197)
	at org.testng.TestNG.runSuitesLocally(TestNG.java:1122)
	at org.testng.TestNG.run(TestNG.java:1030)
	at org.testng.TestNG.privateMain(TestNG.java:1337)
	at org.testng.TestNG.main(TestNG.java:1306)
]]>
            </full-stacktrace>
          </exception> <!-- org.jmlspecs.jmlunitng.testng.PreconditionSkipException -->
          <reporter-output>
          </reporter-output>
        </test-method> <!-- test_cut__0 -->
        <test-method status="SKIP" signature="test_getEmployees__0(org.softlang.model.Department)[pri:0, instance:org.softlang.model.Department_JML_Test@67e7b36d]" name="test_getEmployees__0" duration-ms="0" started-at="2012-08-19T16:35:42Z" data-provider="p_instance_only" depends-on-methods="org.softlang.model.Department_JML_Test.test_racEnabled" finished-at="2012-08-19T16:35:42Z">
          <params>
            <param index="0">
              <value is-null="true"/>
            </param>
          </params>
          <exception class="org.jmlspecs.jmlunitng.testng.PreconditionSkipException">
            <message>
              <![CDATA[could not construct an object to test]]>
            </message>
            <full-stacktrace>
              <![CDATA[org.jmlspecs.jmlunitng.testng.PreconditionSkipException: could not construct an object to test
	at org.softlang.model.Department_JML_Test.test_getEmployees__0(Department_JML_Test.java:354)
	at sun.reflect.NativeMethodAccessorImpl.invoke0(Native Method)
	at sun.reflect.NativeMethodAccessorImpl.invoke(NativeMethodAccessorImpl.java:57)
	at sun.reflect.DelegatingMethodAccessorImpl.invoke(DelegatingMethodAccessorImpl.java:43)
	at java.lang.reflect.Method.invoke(Method.java:601)
	at org.testng.internal.MethodInvocationHelper.invokeMethod(MethodInvocationHelper.java:80)
	at org.testng.internal.Invoker.invokeMethod(Invoker.java:715)
	at org.testng.internal.Invoker.invokeTestMethod(Invoker.java:907)
	at org.testng.internal.Invoker.invokeTestMethods(Invoker.java:1237)
	at org.testng.internal.TestMethodWorker.invokeTestMethods(TestMethodWorker.java:127)
	at org.testng.internal.TestMethodWorker.run(TestMethodWorker.java:111)
	at org.testng.TestRunner.privateRun(TestRunner.java:767)
	at org.testng.TestRunner.run(TestRunner.java:617)
	at org.testng.SuiteRunner.runTest(SuiteRunner.java:334)
	at org.testng.SuiteRunner.runSequentially(SuiteRunner.java:329)
	at org.testng.SuiteRunner.privateRun(SuiteRunner.java:291)
	at org.testng.SuiteRunner.run(SuiteRunner.java:240)
	at org.testng.SuiteRunnerWorker.runSuite(SuiteRunnerWorker.java:51)
	at org.testng.SuiteRunnerWorker.run(SuiteRunnerWorker.java:85)
	at org.testng.TestNG.runSuitesSequentially(TestNG.java:1197)
	at org.testng.TestNG.runSuitesLocally(TestNG.java:1122)
	at org.testng.TestNG.run(TestNG.java:1030)
	at org.testng.TestNG.privateMain(TestNG.java:1337)
	at org.testng.TestNG.main(TestNG.java:1306)
]]>
            </full-stacktrace>
          </exception> <!-- org.jmlspecs.jmlunitng.testng.PreconditionSkipException -->
          <reporter-output>
          </reporter-output>
        </test-method> <!-- test_getEmployees__0 -->
        <test-method status="SKIP" signature="test_getManager__0(org.softlang.model.Department)[pri:0, instance:org.softlang.model.Department_JML_Test@67e7b36d]" name="test_getManager__0" duration-ms="0" started-at="2012-08-19T16:35:42Z" data-provider="p_instance_only" depends-on-methods="org.softlang.model.Department_JML_Test.test_racEnabled" finished-at="2012-08-19T16:35:42Z">
          <params>
            <param index="0">
              <value is-null="true"/>
            </param>
          </params>
          <exception class="org.jmlspecs.jmlunitng.testng.PreconditionSkipException">
            <message>
              <![CDATA[could not construct an object to test]]>
            </message>
            <full-stacktrace>
              <![CDATA[org.jmlspecs.jmlunitng.testng.PreconditionSkipException: could not construct an object to test
	at org.softlang.model.Department_JML_Test.test_getManager__0(Department_JML_Test.java:155)
	at sun.reflect.NativeMethodAccessorImpl.invoke0(Native Method)
	at sun.reflect.NativeMethodAccessorImpl.invoke(NativeMethodAccessorImpl.java:57)
	at sun.reflect.DelegatingMethodAccessorImpl.invoke(DelegatingMethodAccessorImpl.java:43)
	at java.lang.reflect.Method.invoke(Method.java:601)
	at org.testng.internal.MethodInvocationHelper.invokeMethod(MethodInvocationHelper.java:80)
	at org.testng.internal.Invoker.invokeMethod(Invoker.java:715)
	at org.testng.internal.Invoker.invokeTestMethod(Invoker.java:907)
	at org.testng.internal.Invoker.invokeTestMethods(Invoker.java:1237)
	at org.testng.internal.TestMethodWorker.invokeTestMethods(TestMethodWorker.java:127)
	at org.testng.internal.TestMethodWorker.run(TestMethodWorker.java:111)
	at org.testng.TestRunner.privateRun(TestRunner.java:767)
	at org.testng.TestRunner.run(TestRunner.java:617)
	at org.testng.SuiteRunner.runTest(SuiteRunner.java:334)
	at org.testng.SuiteRunner.runSequentially(SuiteRunner.java:329)
	at org.testng.SuiteRunner.privateRun(SuiteRunner.java:291)
	at org.testng.SuiteRunner.run(SuiteRunner.java:240)
	at org.testng.SuiteRunnerWorker.runSuite(SuiteRunnerWorker.java:51)
	at org.testng.SuiteRunnerWorker.run(SuiteRunnerWorker.java:85)
	at org.testng.TestNG.runSuitesSequentially(TestNG.java:1197)
	at org.testng.TestNG.runSuitesLocally(TestNG.java:1122)
	at org.testng.TestNG.run(TestNG.java:1030)
	at org.testng.TestNG.privateMain(TestNG.java:1337)
	at org.testng.TestNG.main(TestNG.java:1306)
]]>
            </full-stacktrace>
          </exception> <!-- org.jmlspecs.jmlunitng.testng.PreconditionSkipException -->
          <reporter-output>
          </reporter-output>
        </test-method> <!-- test_getManager__0 -->
        <test-method status="SKIP" signature="test_getName__0(org.softlang.model.Department)[pri:0, instance:org.softlang.model.Department_JML_Test@67e7b36d]" name="test_getName__0" duration-ms="0" started-at="2012-08-19T16:35:42Z" data-provider="p_instance_only" depends-on-methods="org.softlang.model.Department_JML_Test.test_racEnabled" finished-at="2012-08-19T16:35:42Z">
          <params>
            <param index="0">
              <value is-null="true"/>
            </param>
          </params>
          <exception class="org.jmlspecs.jmlunitng.testng.PreconditionSkipException">
            <message>
              <![CDATA[could not construct an object to test]]>
            </message>
            <full-stacktrace>
              <![CDATA[org.jmlspecs.jmlunitng.testng.PreconditionSkipException: could not construct an object to test
	at org.softlang.model.Department_JML_Test.test_getName__0(Department_JML_Test.java:116)
	at sun.reflect.NativeMethodAccessorImpl.invoke0(Native Method)
	at sun.reflect.NativeMethodAccessorImpl.invoke(NativeMethodAccessorImpl.java:57)
	at sun.reflect.DelegatingMethodAccessorImpl.invoke(DelegatingMethodAccessorImpl.java:43)
	at java.lang.reflect.Method.invoke(Method.java:601)
	at org.testng.internal.MethodInvocationHelper.invokeMethod(MethodInvocationHelper.java:80)
	at org.testng.internal.Invoker.invokeMethod(Invoker.java:715)
	at org.testng.internal.Invoker.invokeTestMethod(Invoker.java:907)
	at org.testng.internal.Invoker.invokeTestMethods(Invoker.java:1237)
	at org.testng.internal.TestMethodWorker.invokeTestMethods(TestMethodWorker.java:127)
	at org.testng.internal.TestMethodWorker.run(TestMethodWorker.java:111)
	at org.testng.TestRunner.privateRun(TestRunner.java:767)
	at org.testng.TestRunner.run(TestRunner.java:617)
	at org.testng.SuiteRunner.runTest(SuiteRunner.java:334)
	at org.testng.SuiteRunner.runSequentially(SuiteRunner.java:329)
	at org.testng.SuiteRunner.privateRun(SuiteRunner.java:291)
	at org.testng.SuiteRunner.run(SuiteRunner.java:240)
	at org.testng.SuiteRunnerWorker.runSuite(SuiteRunnerWorker.java:51)
	at org.testng.SuiteRunnerWorker.run(SuiteRunnerWorker.java:85)
	at org.testng.TestNG.runSuitesSequentially(TestNG.java:1197)
	at org.testng.TestNG.runSuitesLocally(TestNG.java:1122)
	at org.testng.TestNG.run(TestNG.java:1030)
	at org.testng.TestNG.privateMain(TestNG.java:1337)
	at org.testng.TestNG.main(TestNG.java:1306)
]]>
            </full-stacktrace>
          </exception> <!-- org.jmlspecs.jmlunitng.testng.PreconditionSkipException -->
          <reporter-output>
          </reporter-output>
        </test-method> <!-- test_getName__0 -->
        <test-method status="SKIP" signature="test_getSubdepts__0(org.softlang.model.Department)[pri:0, instance:org.softlang.model.Department_JML_Test@67e7b36d]" name="test_getSubdepts__0" duration-ms="0" started-at="2012-08-19T16:35:42Z" data-provider="p_instance_only" depends-on-methods="org.softlang.model.Department_JML_Test.test_racEnabled" finished-at="2012-08-19T16:35:42Z">
          <params>
            <param index="0">
              <value is-null="true"/>
            </param>
          </params>
          <exception class="org.jmlspecs.jmlunitng.testng.PreconditionSkipException">
            <message>
              <![CDATA[could not construct an object to test]]>
            </message>
            <full-stacktrace>
              <![CDATA[org.jmlspecs.jmlunitng.testng.PreconditionSkipException: could not construct an object to test
	at org.softlang.model.Department_JML_Test.test_getSubdepts__0(Department_JML_Test.java:276)
	at sun.reflect.NativeMethodAccessorImpl.invoke0(Native Method)
	at sun.reflect.NativeMethodAccessorImpl.invoke(NativeMethodAccessorImpl.java:57)
	at sun.reflect.DelegatingMethodAccessorImpl.invoke(DelegatingMethodAccessorImpl.java:43)
	at java.lang.reflect.Method.invoke(Method.java:601)
	at org.testng.internal.MethodInvocationHelper.invokeMethod(MethodInvocationHelper.java:80)
	at org.testng.internal.Invoker.invokeMethod(Invoker.java:715)
	at org.testng.internal.Invoker.invokeTestMethod(Invoker.java:907)
	at org.testng.internal.Invoker.invokeTestMethods(Invoker.java:1237)
	at org.testng.internal.TestMethodWorker.invokeTestMethods(TestMethodWorker.java:127)
	at org.testng.internal.TestMethodWorker.run(TestMethodWorker.java:111)
	at org.testng.TestRunner.privateRun(TestRunner.java:767)
	at org.testng.TestRunner.run(TestRunner.java:617)
	at org.testng.SuiteRunner.runTest(SuiteRunner.java:334)
	at org.testng.SuiteRunner.runSequentially(SuiteRunner.java:329)
	at org.testng.SuiteRunner.privateRun(SuiteRunner.java:291)
	at org.testng.SuiteRunner.run(SuiteRunner.java:240)
	at org.testng.SuiteRunnerWorker.runSuite(SuiteRunnerWorker.java:51)
	at org.testng.SuiteRunnerWorker.run(SuiteRunnerWorker.java:85)
	at org.testng.TestNG.runSuitesSequentially(TestNG.java:1197)
	at org.testng.TestNG.runSuitesLocally(TestNG.java:1122)
	at org.testng.TestNG.run(TestNG.java:1030)
	at org.testng.TestNG.privateMain(TestNG.java:1337)
	at org.testng.TestNG.main(TestNG.java:1306)
]]>
            </full-stacktrace>
          </exception> <!-- org.jmlspecs.jmlunitng.testng.PreconditionSkipException -->
          <reporter-output>
          </reporter-output>
        </test-method> <!-- test_getSubdepts__0 -->
        <test-method status="SKIP" signature="test_setManager__Employee_manager__19(org.softlang.model.Department, org.softlang.model.Employee)[pri:0, instance:org.softlang.model.Department_JML_Test@67e7b36d]" name="test_setManager__Employee_manager__19" duration-ms="0" started-at="2012-08-19T16:35:42Z" data-provider="p_setManager__Employee_manager__19" depends-on-methods="org.softlang.model.Department_JML_Test.test_racEnabled" finished-at="2012-08-19T16:35:42Z">
          <params>
            <param index="0">
              <value is-null="true"/>
            </param>
            <param index="1">
              <value is-null="true"/>
            </param>
          </params>
          <exception class="org.jmlspecs.jmlunitng.testng.PreconditionSkipException">
            <message>
              <![CDATA[could not construct an object to test]]>
            </message>
            <full-stacktrace>
              <![CDATA[org.jmlspecs.jmlunitng.testng.PreconditionSkipException: could not construct an object to test
	at org.softlang.model.Department_JML_Test.test_setManager__Employee_manager__19(Department_JML_Test.java:196)
	at sun.reflect.NativeMethodAccessorImpl.invoke0(Native Method)
	at sun.reflect.NativeMethodAccessorImpl.invoke(NativeMethodAccessorImpl.java:57)
	at sun.reflect.DelegatingMethodAccessorImpl.invoke(DelegatingMethodAccessorImpl.java:43)
	at java.lang.reflect.Method.invoke(Method.java:601)
	at org.testng.internal.MethodInvocationHelper.invokeMethod(MethodInvocationHelper.java:80)
	at org.testng.internal.Invoker.invokeMethod(Invoker.java:715)
	at org.testng.internal.Invoker.invokeTestMethod(Invoker.java:907)
	at org.testng.internal.Invoker.invokeTestMethods(Invoker.java:1237)
	at org.testng.internal.TestMethodWorker.invokeTestMethods(TestMethodWorker.java:127)
	at org.testng.internal.TestMethodWorker.run(TestMethodWorker.java:111)
	at org.testng.TestRunner.privateRun(TestRunner.java:767)
	at org.testng.TestRunner.run(TestRunner.java:617)
	at org.testng.SuiteRunner.runTest(SuiteRunner.java:334)
	at org.testng.SuiteRunner.runSequentially(SuiteRunner.java:329)
	at org.testng.SuiteRunner.privateRun(SuiteRunner.java:291)
	at org.testng.SuiteRunner.run(SuiteRunner.java:240)
	at org.testng.SuiteRunnerWorker.runSuite(SuiteRunnerWorker.java:51)
	at org.testng.SuiteRunnerWorker.run(SuiteRunnerWorker.java:85)
	at org.testng.TestNG.runSuitesSequentially(TestNG.java:1197)
	at org.testng.TestNG.runSuitesLocally(TestNG.java:1122)
	at org.testng.TestNG.run(TestNG.java:1030)
	at org.testng.TestNG.privateMain(TestNG.java:1337)
	at org.testng.TestNG.main(TestNG.java:1306)
]]>
            </full-stacktrace>
          </exception> <!-- org.jmlspecs.jmlunitng.testng.PreconditionSkipException -->
          <reporter-output>
          </reporter-output>
        </test-method> <!-- test_setManager__Employee_manager__19 -->
        <test-method status="SKIP" signature="test_setName__String_name__10(org.softlang.model.Department, java.lang.String)[pri:0, instance:org.softlang.model.Department_JML_Test@67e7b36d]" name="test_setName__String_name__10" duration-ms="0" started-at="2012-08-19T16:35:42Z" data-provider="p_setName__String_name__10" depends-on-methods="org.softlang.model.Department_JML_Test.test_racEnabled" finished-at="2012-08-19T16:35:42Z">
          <params>
            <param index="0">
              <value is-null="true"/>
            </param>
            <param index="1">
              <value is-null="true"/>
            </param>
          </params>
          <exception class="org.jmlspecs.jmlunitng.testng.PreconditionSkipException">
            <message>
              <![CDATA[could not construct an object to test]]>
            </message>
            <full-stacktrace>
              <![CDATA[org.jmlspecs.jmlunitng.testng.PreconditionSkipException: could not construct an object to test
	at org.softlang.model.Department_JML_Test.test_setName__String_name__10(Department_JML_Test.java:237)
	at sun.reflect.NativeMethodAccessorImpl.invoke0(Native Method)
	at sun.reflect.NativeMethodAccessorImpl.invoke(NativeMethodAccessorImpl.java:57)
	at sun.reflect.DelegatingMethodAccessorImpl.invoke(DelegatingMethodAccessorImpl.java:43)
	at java.lang.reflect.Method.invoke(Method.java:601)
	at org.testng.internal.MethodInvocationHelper.invokeMethod(MethodInvocationHelper.java:80)
	at org.testng.internal.Invoker.invokeMethod(Invoker.java:715)
	at org.testng.internal.Invoker.invokeTestMethod(Invoker.java:907)
	at org.testng.internal.Invoker.invokeTestMethods(Invoker.java:1237)
	at org.testng.internal.TestMethodWorker.invokeTestMethods(TestMethodWorker.java:127)
	at org.testng.internal.TestMethodWorker.run(TestMethodWorker.java:111)
	at org.testng.TestRunner.privateRun(TestRunner.java:767)
	at org.testng.TestRunner.run(TestRunner.java:617)
	at org.testng.SuiteRunner.runTest(SuiteRunner.java:334)
	at org.testng.SuiteRunner.runSequentially(SuiteRunner.java:329)
	at org.testng.SuiteRunner.privateRun(SuiteRunner.java:291)
	at org.testng.SuiteRunner.run(SuiteRunner.java:240)
	at org.testng.SuiteRunnerWorker.runSuite(SuiteRunnerWorker.java:51)
	at org.testng.SuiteRunnerWorker.run(SuiteRunnerWorker.java:85)
	at org.testng.TestNG.runSuitesSequentially(TestNG.java:1197)
	at org.testng.TestNG.runSuitesLocally(TestNG.java:1122)
	at org.testng.TestNG.run(TestNG.java:1030)
	at org.testng.TestNG.privateMain(TestNG.java:1337)
	at org.testng.TestNG.main(TestNG.java:1306)
]]>
            </full-stacktrace>
          </exception> <!-- org.jmlspecs.jmlunitng.testng.PreconditionSkipException -->
          <reporter-output>
          </reporter-output>
        </test-method> <!-- test_setName__String_name__10 -->
        <test-method status="SKIP" signature="test_setName__String_name__10(org.softlang.model.Department, java.lang.String)[pri:0, instance:org.softlang.model.Department_JML_Test@67e7b36d]" name="test_setName__String_name__10" duration-ms="0" started-at="2012-08-19T16:35:42Z" data-provider="p_setName__String_name__10" depends-on-methods="org.softlang.model.Department_JML_Test.test_racEnabled" finished-at="2012-08-19T16:35:42Z">
          <params>
            <param index="0">
              <value is-null="true"/>
            </param>
            <param index="1">
              <value>
                <![CDATA[]]>
              </value>
            </param>
          </params>
          <exception class="org.jmlspecs.jmlunitng.testng.PreconditionSkipException">
            <message>
              <![CDATA[could not construct an object to test]]>
            </message>
            <full-stacktrace>
              <![CDATA[org.jmlspecs.jmlunitng.testng.PreconditionSkipException: could not construct an object to test
	at org.softlang.model.Department_JML_Test.test_setName__String_name__10(Department_JML_Test.java:237)
	at sun.reflect.NativeMethodAccessorImpl.invoke0(Native Method)
	at sun.reflect.NativeMethodAccessorImpl.invoke(NativeMethodAccessorImpl.java:57)
	at sun.reflect.DelegatingMethodAccessorImpl.invoke(DelegatingMethodAccessorImpl.java:43)
	at java.lang.reflect.Method.invoke(Method.java:601)
	at org.testng.internal.MethodInvocationHelper.invokeMethod(MethodInvocationHelper.java:80)
	at org.testng.internal.Invoker.invokeMethod(Invoker.java:715)
	at org.testng.internal.Invoker.invokeTestMethod(Invoker.java:907)
	at org.testng.internal.Invoker.invokeTestMethods(Invoker.java:1237)
	at org.testng.internal.TestMethodWorker.invokeTestMethods(TestMethodWorker.java:127)
	at org.testng.internal.TestMethodWorker.run(TestMethodWorker.java:111)
	at org.testng.TestRunner.privateRun(TestRunner.java:767)
	at org.testng.TestRunner.run(TestRunner.java:617)
	at org.testng.SuiteRunner.runTest(SuiteRunner.java:334)
	at org.testng.SuiteRunner.runSequentially(SuiteRunner.java:329)
	at org.testng.SuiteRunner.privateRun(SuiteRunner.java:291)
	at org.testng.SuiteRunner.run(SuiteRunner.java:240)
	at org.testng.SuiteRunnerWorker.runSuite(SuiteRunnerWorker.java:51)
	at org.testng.SuiteRunnerWorker.run(SuiteRunnerWorker.java:85)
	at org.testng.TestNG.runSuitesSequentially(TestNG.java:1197)
	at org.testng.TestNG.runSuitesLocally(TestNG.java:1122)
	at org.testng.TestNG.run(TestNG.java:1030)
	at org.testng.TestNG.privateMain(TestNG.java:1337)
	at org.testng.TestNG.main(TestNG.java:1306)
]]>
            </full-stacktrace>
          </exception> <!-- org.jmlspecs.jmlunitng.testng.PreconditionSkipException -->
          <reporter-output>
          </reporter-output>
        </test-method> <!-- test_setName__String_name__10 -->
        <test-method status="SKIP" signature="test_total__0(org.softlang.model.Department)[pri:0, instance:org.softlang.model.Department_JML_Test@67e7b36d]" name="test_total__0" duration-ms="0" started-at="2012-08-19T16:35:42Z" data-provider="p_instance_only" depends-on-methods="org.softlang.model.Department_JML_Test.test_racEnabled" finished-at="2012-08-19T16:35:42Z">
          <params>
            <param index="0">
              <value is-null="true"/>
            </param>
          </params>
          <exception class="org.jmlspecs.jmlunitng.testng.PreconditionSkipException">
            <message>
              <![CDATA[could not construct an object to test]]>
            </message>
            <full-stacktrace>
              <![CDATA[org.jmlspecs.jmlunitng.testng.PreconditionSkipException: could not construct an object to test
	at org.softlang.model.Department_JML_Test.test_total__0(Department_JML_Test.java:315)
	at sun.reflect.NativeMethodAccessorImpl.invoke0(Native Method)
	at sun.reflect.NativeMethodAccessorImpl.invoke(NativeMethodAccessorImpl.java:57)
	at sun.reflect.DelegatingMethodAccessorImpl.invoke(DelegatingMethodAccessorImpl.java:43)
	at java.lang.reflect.Method.invoke(Method.java:601)
	at org.testng.internal.MethodInvocationHelper.invokeMethod(MethodInvocationHelper.java:80)
	at org.testng.internal.Invoker.invokeMethod(Invoker.java:715)
	at org.testng.internal.Invoker.invokeTestMethod(Invoker.java:907)
	at org.testng.internal.Invoker.invokeTestMethods(Invoker.java:1237)
	at org.testng.internal.TestMethodWorker.invokeTestMethods(TestMethodWorker.java:127)
	at org.testng.internal.TestMethodWorker.run(TestMethodWorker.java:111)
	at org.testng.TestRunner.privateRun(TestRunner.java:767)
	at org.testng.TestRunner.run(TestRunner.java:617)
	at org.testng.SuiteRunner.runTest(SuiteRunner.java:334)
	at org.testng.SuiteRunner.runSequentially(SuiteRunner.java:329)
	at org.testng.SuiteRunner.privateRun(SuiteRunner.java:291)
	at org.testng.SuiteRunner.run(SuiteRunner.java:240)
	at org.testng.SuiteRunnerWorker.runSuite(SuiteRunnerWorker.java:51)
	at org.testng.SuiteRunnerWorker.run(SuiteRunnerWorker.java:85)
	at org.testng.TestNG.runSuitesSequentially(TestNG.java:1197)
	at org.testng.TestNG.runSuitesLocally(TestNG.java:1122)
	at org.testng.TestNG.run(TestNG.java:1030)
	at org.testng.TestNG.privateMain(TestNG.java:1337)
	at org.testng.TestNG.main(TestNG.java:1306)
]]>
            </full-stacktrace>
          </exception> <!-- org.jmlspecs.jmlunitng.testng.PreconditionSkipException -->
          <reporter-output>
          </reporter-output>
        </test-method> <!-- test_total__0 -->
      </class> <!-- org.softlang.model.Department_JML_Test -->
      <class name="org.softlang.model.Employee_JML_Test">
        <test-method status="PASS" signature="test_racEnabled()[pri:0, instance:org.softlang.model.Employee_JML_Test@41bb8b29]" name="test_racEnabled" duration-ms="3" started-at="2012-08-19T16:35:42Z" finished-at="2012-08-19T16:35:42Z">
          <reporter-output>
          </reporter-output>
        </test-method> <!-- test_racEnabled -->
        <test-method status="PASS" signature="test_Employee__String_name__double_salary__10(java.lang.String, double)[pri:0, instance:org.softlang.model.Employee_JML_Test@41bb8b29]" name="test_Employee__String_name__double_salary__10" duration-ms="1" started-at="2012-08-19T16:35:42Z" data-provider="p_Employee__String_name__double_salary__10" depends-on-methods="org.softlang.model.Employee_JML_Test.test_racEnabled" finished-at="2012-08-19T16:35:42Z">
          <params>
            <param index="0">
              <value>
                <![CDATA[]]>
              </value>
            </param>
            <param index="1">
              <value>
                <![CDATA[-Infinity]]>
              </value>
            </param>
          </params>
          <reporter-output>
          </reporter-output>
        </test-method> <!-- test_Employee__String_name__double_salary__10 -->
        <test-method status="PASS" signature="test_Employee__String_name__double_salary__10(java.lang.String, double)[pri:0, instance:org.softlang.model.Employee_JML_Test@41bb8b29]" name="test_Employee__String_name__double_salary__10" duration-ms="0" started-at="2012-08-19T16:35:42Z" data-provider="p_Employee__String_name__double_salary__10" depends-on-methods="org.softlang.model.Employee_JML_Test.test_racEnabled" finished-at="2012-08-19T16:35:42Z">
          <params>
            <param index="0">
              <value is-null="true"/>
            </param>
            <param index="1">
              <value>
                <![CDATA[-Infinity]]>
              </value>
            </param>
          </params>
          <reporter-output>
          </reporter-output>
        </test-method> <!-- test_Employee__String_name__double_salary__10 -->
        <test-method status="PASS" signature="test_Employee__String_name__double_salary__10(java.lang.String, double)[pri:0, instance:org.softlang.model.Employee_JML_Test@41bb8b29]" name="test_Employee__String_name__double_salary__10" duration-ms="0" started-at="2012-08-19T16:35:42Z" data-provider="p_Employee__String_name__double_salary__10" depends-on-methods="org.softlang.model.Employee_JML_Test.test_racEnabled" finished-at="2012-08-19T16:35:42Z">
          <params>
            <param index="0">
              <value is-null="true"/>
            </param>
            <param index="1">
              <value>
                <![CDATA[0.0]]>
              </value>
            </param>
          </params>
          <reporter-output>
          </reporter-output>
        </test-method> <!-- test_Employee__String_name__double_salary__10 -->
        <test-method status="PASS" signature="test_Employee__String_name__double_salary__10(java.lang.String, double)[pri:0, instance:org.softlang.model.Employee_JML_Test@41bb8b29]" name="test_Employee__String_name__double_salary__10" duration-ms="0" started-at="2012-08-19T16:35:42Z" data-provider="p_Employee__String_name__double_salary__10" depends-on-methods="org.softlang.model.Employee_JML_Test.test_racEnabled" finished-at="2012-08-19T16:35:42Z">
          <params>
            <param index="0">
              <value>
                <![CDATA[]]>
              </value>
            </param>
            <param index="1">
              <value>
                <![CDATA[0.0]]>
              </value>
            </param>
          </params>
          <reporter-output>
          </reporter-output>
        </test-method> <!-- test_Employee__String_name__double_salary__10 -->
        <test-method status="PASS" signature="test_Employee__String_name__double_salary__10(java.lang.String, double)[pri:0, instance:org.softlang.model.Employee_JML_Test@41bb8b29]" name="test_Employee__String_name__double_salary__10" duration-ms="1" started-at="2012-08-19T16:35:42Z" data-provider="p_Employee__String_name__double_salary__10" depends-on-methods="org.softlang.model.Employee_JML_Test.test_racEnabled" finished-at="2012-08-19T16:35:42Z">
          <params>
            <param index="0">
              <value is-null="true"/>
            </param>
            <param index="1">
              <value>
                <![CDATA[Infinity]]>
              </value>
            </param>
          </params>
          <reporter-output>
          </reporter-output>
        </test-method> <!-- test_Employee__String_name__double_salary__10 -->
        <test-method status="PASS" signature="test_Employee__String_name__double_salary__10(java.lang.String, double)[pri:0, instance:org.softlang.model.Employee_JML_Test@41bb8b29]" name="test_Employee__String_name__double_salary__10" duration-ms="0" started-at="2012-08-19T16:35:42Z" data-provider="p_Employee__String_name__double_salary__10" depends-on-methods="org.softlang.model.Employee_JML_Test.test_racEnabled" finished-at="2012-08-19T16:35:42Z">
          <params>
            <param index="0">
              <value>
                <![CDATA[]]>
              </value>
            </param>
            <param index="1">
              <value>
                <![CDATA[Infinity]]>
              </value>
            </param>
          </params>
          <reporter-output>
          </reporter-output>
        </test-method> <!-- test_Employee__String_name__double_salary__10 -->
        <test-method status="SKIP" signature="test_cut__0(org.softlang.model.Employee)[pri:0, instance:org.softlang.model.Employee_JML_Test@41bb8b29]" name="test_cut__0" duration-ms="0" started-at="2012-08-19T16:35:42Z" data-provider="p_instance_only" depends-on-methods="org.softlang.model.Employee_JML_Test.test_racEnabled" finished-at="2012-08-19T16:35:42Z">
          <params>
            <param index="0">
              <value is-null="true"/>
            </param>
          </params>
          <exception class="org.jmlspecs.jmlunitng.testng.PreconditionSkipException">
            <message>
              <![CDATA[could not construct an object to test]]>
            </message>
            <full-stacktrace>
              <![CDATA[org.jmlspecs.jmlunitng.testng.PreconditionSkipException: could not construct an object to test
	at org.softlang.model.Employee_JML_Test.test_cut__0(Employee_JML_Test.java:357)
	at sun.reflect.NativeMethodAccessorImpl.invoke0(Native Method)
	at sun.reflect.NativeMethodAccessorImpl.invoke(NativeMethodAccessorImpl.java:57)
	at sun.reflect.DelegatingMethodAccessorImpl.invoke(DelegatingMethodAccessorImpl.java:43)
	at java.lang.reflect.Method.invoke(Method.java:601)
	at org.testng.internal.MethodInvocationHelper.invokeMethod(MethodInvocationHelper.java:80)
	at org.testng.internal.Invoker.invokeMethod(Invoker.java:715)
	at org.testng.internal.Invoker.invokeTestMethod(Invoker.java:907)
	at org.testng.internal.Invoker.invokeTestMethods(Invoker.java:1237)
	at org.testng.internal.TestMethodWorker.invokeTestMethods(TestMethodWorker.java:127)
	at org.testng.internal.TestMethodWorker.run(TestMethodWorker.java:111)
	at org.testng.TestRunner.privateRun(TestRunner.java:767)
	at org.testng.TestRunner.run(TestRunner.java:617)
	at org.testng.SuiteRunner.runTest(SuiteRunner.java:334)
	at org.testng.SuiteRunner.runSequentially(SuiteRunner.java:329)
	at org.testng.SuiteRunner.privateRun(SuiteRunner.java:291)
	at org.testng.SuiteRunner.run(SuiteRunner.java:240)
	at org.testng.SuiteRunnerWorker.runSuite(SuiteRunnerWorker.java:51)
	at org.testng.SuiteRunnerWorker.run(SuiteRunnerWorker.java:85)
	at org.testng.TestNG.runSuitesSequentially(TestNG.java:1197)
	at org.testng.TestNG.runSuitesLocally(TestNG.java:1122)
	at org.testng.TestNG.run(TestNG.java:1030)
	at org.testng.TestNG.privateMain(TestNG.java:1337)
	at org.testng.TestNG.main(TestNG.java:1306)
]]>
            </full-stacktrace>
          </exception> <!-- org.jmlspecs.jmlunitng.testng.PreconditionSkipException -->
          <reporter-output>
          </reporter-output>
        </test-method> <!-- test_cut__0 -->
        <test-method status="SKIP" signature="test_getAddress__0(org.softlang.model.Employee)[pri:0, instance:org.softlang.model.Employee_JML_Test@41bb8b29]" name="test_getAddress__0" duration-ms="0" started-at="2012-08-19T16:35:42Z" data-provider="p_instance_only" depends-on-methods="org.softlang.model.Employee_JML_Test.test_racEnabled" finished-at="2012-08-19T16:35:42Z">
          <params>
            <param index="0">
              <value is-null="true"/>
            </param>
          </params>
          <exception class="org.jmlspecs.jmlunitng.testng.PreconditionSkipException">
            <message>
              <![CDATA[could not construct an object to test]]>
            </message>
            <full-stacktrace>
              <![CDATA[org.jmlspecs.jmlunitng.testng.PreconditionSkipException: could not construct an object to test
	at org.softlang.model.Employee_JML_Test.test_getAddress__0(Employee_JML_Test.java:202)
	at sun.reflect.NativeMethodAccessorImpl.invoke0(Native Method)
	at sun.reflect.NativeMethodAccessorImpl.invoke(NativeMethodAccessorImpl.java:57)
	at sun.reflect.DelegatingMethodAccessorImpl.invoke(DelegatingMethodAccessorImpl.java:43)
	at java.lang.reflect.Method.invoke(Method.java:601)
	at org.testng.internal.MethodInvocationHelper.invokeMethod(MethodInvocationHelper.java:80)
	at org.testng.internal.Invoker.invokeMethod(Invoker.java:715)
	at org.testng.internal.Invoker.invokeTestMethod(Invoker.java:907)
	at org.testng.internal.Invoker.invokeTestMethods(Invoker.java:1237)
	at org.testng.internal.TestMethodWorker.invokeTestMethods(TestMethodWorker.java:127)
	at org.testng.internal.TestMethodWorker.run(TestMethodWorker.java:111)
	at org.testng.TestRunner.privateRun(TestRunner.java:767)
	at org.testng.TestRunner.run(TestRunner.java:617)
	at org.testng.SuiteRunner.runTest(SuiteRunner.java:334)
	at org.testng.SuiteRunner.runSequentially(SuiteRunner.java:329)
	at org.testng.SuiteRunner.privateRun(SuiteRunner.java:291)
	at org.testng.SuiteRunner.run(SuiteRunner.java:240)
	at org.testng.SuiteRunnerWorker.runSuite(SuiteRunnerWorker.java:51)
	at org.testng.SuiteRunnerWorker.run(SuiteRunnerWorker.java:85)
	at org.testng.TestNG.runSuitesSequentially(TestNG.java:1197)
	at org.testng.TestNG.runSuitesLocally(TestNG.java:1122)
	at org.testng.TestNG.run(TestNG.java:1030)
	at org.testng.TestNG.privateMain(TestNG.java:1337)
	at org.testng.TestNG.main(TestNG.java:1306)
]]>
            </full-stacktrace>
          </exception> <!-- org.jmlspecs.jmlunitng.testng.PreconditionSkipException -->
          <reporter-output>
          </reporter-output>
        </test-method> <!-- test_getAddress__0 -->
        <test-method status="SKIP" signature="test_getName__0(org.softlang.model.Employee)[pri:0, instance:org.softlang.model.Employee_JML_Test@41bb8b29]" name="test_getName__0" duration-ms="0" started-at="2012-08-19T16:35:42Z" data-provider="p_instance_only" depends-on-methods="org.softlang.model.Employee_JML_Test.test_racEnabled" finished-at="2012-08-19T16:35:42Z">
          <params>
            <param index="0">
              <value is-null="true"/>
            </param>
          </params>
          <exception class="org.jmlspecs.jmlunitng.testng.PreconditionSkipException">
            <message>
              <![CDATA[could not construct an object to test]]>
            </message>
            <full-stacktrace>
              <![CDATA[org.jmlspecs.jmlunitng.testng.PreconditionSkipException: could not construct an object to test
	at org.softlang.model.Employee_JML_Test.test_getName__0(Employee_JML_Test.java:81)
	at sun.reflect.NativeMethodAccessorImpl.invoke0(Native Method)
	at sun.reflect.NativeMethodAccessorImpl.invoke(NativeMethodAccessorImpl.java:57)
	at sun.reflect.DelegatingMethodAccessorImpl.invoke(DelegatingMethodAccessorImpl.java:43)
	at java.lang.reflect.Method.invoke(Method.java:601)
	at org.testng.internal.MethodInvocationHelper.invokeMethod(MethodInvocationHelper.java:80)
	at org.testng.internal.Invoker.invokeMethod(Invoker.java:715)
	at org.testng.internal.Invoker.invokeTestMethod(Invoker.java:907)
	at org.testng.internal.Invoker.invokeTestMethods(Invoker.java:1237)
	at org.testng.internal.TestMethodWorker.invokeTestMethods(TestMethodWorker.java:127)
	at org.testng.internal.TestMethodWorker.run(TestMethodWorker.java:111)
	at org.testng.TestRunner.privateRun(TestRunner.java:767)
	at org.testng.TestRunner.run(TestRunner.java:617)
	at org.testng.SuiteRunner.runTest(SuiteRunner.java:334)
	at org.testng.SuiteRunner.runSequentially(SuiteRunner.java:329)
	at org.testng.SuiteRunner.privateRun(SuiteRunner.java:291)
	at org.testng.SuiteRunner.run(SuiteRunner.java:240)
	at org.testng.SuiteRunnerWorker.runSuite(SuiteRunnerWorker.java:51)
	at org.testng.SuiteRunnerWorker.run(SuiteRunnerWorker.java:85)
	at org.testng.TestNG.runSuitesSequentially(TestNG.java:1197)
	at org.testng.TestNG.runSuitesLocally(TestNG.java:1122)
	at org.testng.TestNG.run(TestNG.java:1030)
	at org.testng.TestNG.privateMain(TestNG.java:1337)
	at org.testng.TestNG.main(TestNG.java:1306)
]]>
            </full-stacktrace>
          </exception> <!-- org.jmlspecs.jmlunitng.testng.PreconditionSkipException -->
          <reporter-output>
          </reporter-output>
        </test-method> <!-- test_getName__0 -->
        <test-method status="SKIP" signature="test_getSalary__0(org.softlang.model.Employee)[pri:0, instance:org.softlang.model.Employee_JML_Test@41bb8b29]" name="test_getSalary__0" duration-ms="0" started-at="2012-08-19T16:35:42Z" data-provider="p_instance_only" depends-on-methods="org.softlang.model.Employee_JML_Test.test_racEnabled" finished-at="2012-08-19T16:35:42Z">
          <params>
            <param index="0">
              <value is-null="true"/>
            </param>
          </params>
          <exception class="org.jmlspecs.jmlunitng.testng.PreconditionSkipException">
            <message>
              <![CDATA[could not construct an object to test]]>
            </message>
            <full-stacktrace>
              <![CDATA[org.jmlspecs.jmlunitng.testng.PreconditionSkipException: could not construct an object to test
	at org.softlang.model.Employee_JML_Test.test_getSalary__0(Employee_JML_Test.java:318)
	at sun.reflect.NativeMethodAccessorImpl.invoke0(Native Method)
	at sun.reflect.NativeMethodAccessorImpl.invoke(NativeMethodAccessorImpl.java:57)
	at sun.reflect.DelegatingMethodAccessorImpl.invoke(DelegatingMethodAccessorImpl.java:43)
	at java.lang.reflect.Method.invoke(Method.java:601)
	at org.testng.internal.MethodInvocationHelper.invokeMethod(MethodInvocationHelper.java:80)
	at org.testng.internal.Invoker.invokeMethod(Invoker.java:715)
	at org.testng.internal.Invoker.invokeTestMethod(Invoker.java:907)
	at org.testng.internal.Invoker.invokeTestMethods(Invoker.java:1237)
	at org.testng.internal.TestMethodWorker.invokeTestMethods(TestMethodWorker.java:127)
	at org.testng.internal.TestMethodWorker.run(TestMethodWorker.java:111)
	at org.testng.TestRunner.privateRun(TestRunner.java:767)
	at org.testng.TestRunner.run(TestRunner.java:617)
	at org.testng.SuiteRunner.runTest(SuiteRunner.java:334)
	at org.testng.SuiteRunner.runSequentially(SuiteRunner.java:329)
	at org.testng.SuiteRunner.privateRun(SuiteRunner.java:291)
	at org.testng.SuiteRunner.run(SuiteRunner.java:240)
	at org.testng.SuiteRunnerWorker.runSuite(SuiteRunnerWorker.java:51)
	at org.testng.SuiteRunnerWorker.run(SuiteRunnerWorker.java:85)
	at org.testng.TestNG.runSuitesSequentially(TestNG.java:1197)
	at org.testng.TestNG.runSuitesLocally(TestNG.java:1122)
	at org.testng.TestNG.run(TestNG.java:1030)
	at org.testng.TestNG.privateMain(TestNG.java:1337)
	at org.testng.TestNG.main(TestNG.java:1306)
]]>
            </full-stacktrace>
          </exception> <!-- org.jmlspecs.jmlunitng.testng.PreconditionSkipException -->
          <reporter-output>
          </reporter-output>
        </test-method> <!-- test_getSalary__0 -->
        <test-method status="SKIP" signature="test_setAddress__String_address__10(org.softlang.model.Employee, java.lang.String)[pri:0, instance:org.softlang.model.Employee_JML_Test@41bb8b29]" name="test_setAddress__String_address__10" duration-ms="0" started-at="2012-08-19T16:35:42Z" data-provider="p_setAddress__String_address__10" depends-on-methods="org.softlang.model.Employee_JML_Test.test_racEnabled" finished-at="2012-08-19T16:35:42Z">
          <params>
            <param index="0">
              <value is-null="true"/>
            </param>
            <param index="1">
              <value is-null="true"/>
            </param>
          </params>
          <exception class="org.jmlspecs.jmlunitng.testng.PreconditionSkipException">
            <message>
              <![CDATA[could not construct an object to test]]>
            </message>
            <full-stacktrace>
              <![CDATA[org.jmlspecs.jmlunitng.testng.PreconditionSkipException: could not construct an object to test
	at org.softlang.model.Employee_JML_Test.test_setAddress__String_address__10(Employee_JML_Test.java:163)
	at sun.reflect.NativeMethodAccessorImpl.invoke0(Native Method)
	at sun.reflect.NativeMethodAccessorImpl.invoke(NativeMethodAccessorImpl.java:57)
	at sun.reflect.DelegatingMethodAccessorImpl.invoke(DelegatingMethodAccessorImpl.java:43)
	at java.lang.reflect.Method.invoke(Method.java:601)
	at org.testng.internal.MethodInvocationHelper.invokeMethod(MethodInvocationHelper.java:80)
	at org.testng.internal.Invoker.invokeMethod(Invoker.java:715)
	at org.testng.internal.Invoker.invokeTestMethod(Invoker.java:907)
	at org.testng.internal.Invoker.invokeTestMethods(Invoker.java:1237)
	at org.testng.internal.TestMethodWorker.invokeTestMethods(TestMethodWorker.java:127)
	at org.testng.internal.TestMethodWorker.run(TestMethodWorker.java:111)
	at org.testng.TestRunner.privateRun(TestRunner.java:767)
	at org.testng.TestRunner.run(TestRunner.java:617)
	at org.testng.SuiteRunner.runTest(SuiteRunner.java:334)
	at org.testng.SuiteRunner.runSequentially(SuiteRunner.java:329)
	at org.testng.SuiteRunner.privateRun(SuiteRunner.java:291)
	at org.testng.SuiteRunner.run(SuiteRunner.java:240)
	at org.testng.SuiteRunnerWorker.runSuite(SuiteRunnerWorker.java:51)
	at org.testng.SuiteRunnerWorker.run(SuiteRunnerWorker.java:85)
	at org.testng.TestNG.runSuitesSequentially(TestNG.java:1197)
	at org.testng.TestNG.runSuitesLocally(TestNG.java:1122)
	at org.testng.TestNG.run(TestNG.java:1030)
	at org.testng.TestNG.privateMain(TestNG.java:1337)
	at org.testng.TestNG.main(TestNG.java:1306)
]]>
            </full-stacktrace>
          </exception> <!-- org.jmlspecs.jmlunitng.testng.PreconditionSkipException -->
          <reporter-output>
          </reporter-output>
        </test-method> <!-- test_setAddress__String_address__10 -->
        <test-method status="SKIP" signature="test_setAddress__String_address__10(org.softlang.model.Employee, java.lang.String)[pri:0, instance:org.softlang.model.Employee_JML_Test@41bb8b29]" name="test_setAddress__String_address__10" duration-ms="0" started-at="2012-08-19T16:35:42Z" data-provider="p_setAddress__String_address__10" depends-on-methods="org.softlang.model.Employee_JML_Test.test_racEnabled" finished-at="2012-08-19T16:35:42Z">
          <params>
            <param index="0">
              <value is-null="true"/>
            </param>
            <param index="1">
              <value>
                <![CDATA[]]>
              </value>
            </param>
          </params>
          <exception class="org.jmlspecs.jmlunitng.testng.PreconditionSkipException">
            <message>
              <![CDATA[could not construct an object to test]]>
            </message>
            <full-stacktrace>
              <![CDATA[org.jmlspecs.jmlunitng.testng.PreconditionSkipException: could not construct an object to test
	at org.softlang.model.Employee_JML_Test.test_setAddress__String_address__10(Employee_JML_Test.java:163)
	at sun.reflect.NativeMethodAccessorImpl.invoke0(Native Method)
	at sun.reflect.NativeMethodAccessorImpl.invoke(NativeMethodAccessorImpl.java:57)
	at sun.reflect.DelegatingMethodAccessorImpl.invoke(DelegatingMethodAccessorImpl.java:43)
	at java.lang.reflect.Method.invoke(Method.java:601)
	at org.testng.internal.MethodInvocationHelper.invokeMethod(MethodInvocationHelper.java:80)
	at org.testng.internal.Invoker.invokeMethod(Invoker.java:715)
	at org.testng.internal.Invoker.invokeTestMethod(Invoker.java:907)
	at org.testng.internal.Invoker.invokeTestMethods(Invoker.java:1237)
	at org.testng.internal.TestMethodWorker.invokeTestMethods(TestMethodWorker.java:127)
	at org.testng.internal.TestMethodWorker.run(TestMethodWorker.java:111)
	at org.testng.TestRunner.privateRun(TestRunner.java:767)
	at org.testng.TestRunner.run(TestRunner.java:617)
	at org.testng.SuiteRunner.runTest(SuiteRunner.java:334)
	at org.testng.SuiteRunner.runSequentially(SuiteRunner.java:329)
	at org.testng.SuiteRunner.privateRun(SuiteRunner.java:291)
	at org.testng.SuiteRunner.run(SuiteRunner.java:240)
	at org.testng.SuiteRunnerWorker.runSuite(SuiteRunnerWorker.java:51)
	at org.testng.SuiteRunnerWorker.run(SuiteRunnerWorker.java:85)
	at org.testng.TestNG.runSuitesSequentially(TestNG.java:1197)
	at org.testng.TestNG.runSuitesLocally(TestNG.java:1122)
	at org.testng.TestNG.run(TestNG.java:1030)
	at org.testng.TestNG.privateMain(TestNG.java:1337)
	at org.testng.TestNG.main(TestNG.java:1306)
]]>
            </full-stacktrace>
          </exception> <!-- org.jmlspecs.jmlunitng.testng.PreconditionSkipException -->
          <reporter-output>
          </reporter-output>
        </test-method> <!-- test_setAddress__String_address__10 -->
        <test-method status="SKIP" signature="test_setName__String_name__10(org.softlang.model.Employee, java.lang.String)[pri:0, instance:org.softlang.model.Employee_JML_Test@41bb8b29]" name="test_setName__String_name__10" duration-ms="0" started-at="2012-08-19T16:35:42Z" data-provider="p_setName__String_name__10" depends-on-methods="org.softlang.model.Employee_JML_Test.test_racEnabled" finished-at="2012-08-19T16:35:42Z">
          <params>
            <param index="0">
              <value is-null="true"/>
            </param>
            <param index="1">
              <value is-null="true"/>
            </param>
          </params>
          <exception class="org.jmlspecs.jmlunitng.testng.PreconditionSkipException">
            <message>
              <![CDATA[could not construct an object to test]]>
            </message>
            <full-stacktrace>
              <![CDATA[org.jmlspecs.jmlunitng.testng.PreconditionSkipException: could not construct an object to test
	at org.softlang.model.Employee_JML_Test.test_setName__String_name__10(Employee_JML_Test.java:122)
	at sun.reflect.NativeMethodAccessorImpl.invoke0(Native Method)
	at sun.reflect.NativeMethodAccessorImpl.invoke(NativeMethodAccessorImpl.java:57)
	at sun.reflect.DelegatingMethodAccessorImpl.invoke(DelegatingMethodAccessorImpl.java:43)
	at java.lang.reflect.Method.invoke(Method.java:601)
	at org.testng.internal.MethodInvocationHelper.invokeMethod(MethodInvocationHelper.java:80)
	at org.testng.internal.Invoker.invokeMethod(Invoker.java:715)
	at org.testng.internal.Invoker.invokeTestMethod(Invoker.java:907)
	at org.testng.internal.Invoker.invokeTestMethods(Invoker.java:1237)
	at org.testng.internal.TestMethodWorker.invokeTestMethods(TestMethodWorker.java:127)
	at org.testng.internal.TestMethodWorker.run(TestMethodWorker.java:111)
	at org.testng.TestRunner.privateRun(TestRunner.java:767)
	at org.testng.TestRunner.run(TestRunner.java:617)
	at org.testng.SuiteRunner.runTest(SuiteRunner.java:334)
	at org.testng.SuiteRunner.runSequentially(SuiteRunner.java:329)
	at org.testng.SuiteRunner.privateRun(SuiteRunner.java:291)
	at org.testng.SuiteRunner.run(SuiteRunner.java:240)
	at org.testng.SuiteRunnerWorker.runSuite(SuiteRunnerWorker.java:51)
	at org.testng.SuiteRunnerWorker.run(SuiteRunnerWorker.java:85)
	at org.testng.TestNG.runSuitesSequentially(TestNG.java:1197)
	at org.testng.TestNG.runSuitesLocally(TestNG.java:1122)
	at org.testng.TestNG.run(TestNG.java:1030)
	at org.testng.TestNG.privateMain(TestNG.java:1337)
	at org.testng.TestNG.main(TestNG.java:1306)
]]>
            </full-stacktrace>
          </exception> <!-- org.jmlspecs.jmlunitng.testng.PreconditionSkipException -->
          <reporter-output>
          </reporter-output>
        </test-method> <!-- test_setName__String_name__10 -->
        <test-method status="SKIP" signature="test_setName__String_name__10(org.softlang.model.Employee, java.lang.String)[pri:0, instance:org.softlang.model.Employee_JML_Test@41bb8b29]" name="test_setName__String_name__10" duration-ms="0" started-at="2012-08-19T16:35:42Z" data-provider="p_setName__String_name__10" depends-on-methods="org.softlang.model.Employee_JML_Test.test_racEnabled" finished-at="2012-08-19T16:35:42Z">
          <params>
            <param index="0">
              <value is-null="true"/>
            </param>
            <param index="1">
              <value>
                <![CDATA[]]>
              </value>
            </param>
          </params>
          <exception class="org.jmlspecs.jmlunitng.testng.PreconditionSkipException">
            <message>
              <![CDATA[could not construct an object to test]]>
            </message>
            <full-stacktrace>
              <![CDATA[org.jmlspecs.jmlunitng.testng.PreconditionSkipException: could not construct an object to test
	at org.softlang.model.Employee_JML_Test.test_setName__String_name__10(Employee_JML_Test.java:122)
	at sun.reflect.NativeMethodAccessorImpl.invoke0(Native Method)
	at sun.reflect.NativeMethodAccessorImpl.invoke(NativeMethodAccessorImpl.java:57)
	at sun.reflect.DelegatingMethodAccessorImpl.invoke(DelegatingMethodAccessorImpl.java:43)
	at java.lang.reflect.Method.invoke(Method.java:601)
	at org.testng.internal.MethodInvocationHelper.invokeMethod(MethodInvocationHelper.java:80)
	at org.testng.internal.Invoker.invokeMethod(Invoker.java:715)
	at org.testng.internal.Invoker.invokeTestMethod(Invoker.java:907)
	at org.testng.internal.Invoker.invokeTestMethods(Invoker.java:1237)
	at org.testng.internal.TestMethodWorker.invokeTestMethods(TestMethodWorker.java:127)
	at org.testng.internal.TestMethodWorker.run(TestMethodWorker.java:111)
	at org.testng.TestRunner.privateRun(TestRunner.java:767)
	at org.testng.TestRunner.run(TestRunner.java:617)
	at org.testng.SuiteRunner.runTest(SuiteRunner.java:334)
	at org.testng.SuiteRunner.runSequentially(SuiteRunner.java:329)
	at org.testng.SuiteRunner.privateRun(SuiteRunner.java:291)
	at org.testng.SuiteRunner.run(SuiteRunner.java:240)
	at org.testng.SuiteRunnerWorker.runSuite(SuiteRunnerWorker.java:51)
	at org.testng.SuiteRunnerWorker.run(SuiteRunnerWorker.java:85)
	at org.testng.TestNG.runSuitesSequentially(TestNG.java:1197)
	at org.testng.TestNG.runSuitesLocally(TestNG.java:1122)
	at org.testng.TestNG.run(TestNG.java:1030)
	at org.testng.TestNG.privateMain(TestNG.java:1337)
	at org.testng.TestNG.main(TestNG.java:1306)
]]>
            </full-stacktrace>
          </exception> <!-- org.jmlspecs.jmlunitng.testng.PreconditionSkipException -->
          <reporter-output>
          </reporter-output>
        </test-method> <!-- test_setName__String_name__10 -->
        <test-method status="SKIP" signature="test_setSalary__double_salary__0(org.softlang.model.Employee, double)[pri:0, instance:org.softlang.model.Employee_JML_Test@41bb8b29]" name="test_setSalary__double_salary__0" duration-ms="0" started-at="2012-08-19T16:35:42Z" data-provider="p_setSalary__double_salary__0" depends-on-methods="org.softlang.model.Employee_JML_Test.test_racEnabled" finished-at="2012-08-19T16:35:42Z">
          <params>
            <param index="0">
              <value is-null="true"/>
            </param>
            <param index="1">
              <value>
                <![CDATA[-Infinity]]>
              </value>
            </param>
          </params>
          <exception class="org.jmlspecs.jmlunitng.testng.PreconditionSkipException">
            <message>
              <![CDATA[could not construct an object to test]]>
            </message>
            <full-stacktrace>
              <![CDATA[org.jmlspecs.jmlunitng.testng.PreconditionSkipException: could not construct an object to test
	at org.softlang.model.Employee_JML_Test.test_setSalary__double_salary__0(Employee_JML_Test.java:243)
	at sun.reflect.NativeMethodAccessorImpl.invoke0(Native Method)
	at sun.reflect.NativeMethodAccessorImpl.invoke(NativeMethodAccessorImpl.java:57)
	at sun.reflect.DelegatingMethodAccessorImpl.invoke(DelegatingMethodAccessorImpl.java:43)
	at java.lang.reflect.Method.invoke(Method.java:601)
	at org.testng.internal.MethodInvocationHelper.invokeMethod(MethodInvocationHelper.java:80)
	at org.testng.internal.Invoker.invokeMethod(Invoker.java:715)
	at org.testng.internal.Invoker.invokeTestMethod(Invoker.java:907)
	at org.testng.internal.Invoker.invokeTestMethods(Invoker.java:1237)
	at org.testng.internal.TestMethodWorker.invokeTestMethods(TestMethodWorker.java:127)
	at org.testng.internal.TestMethodWorker.run(TestMethodWorker.java:111)
	at org.testng.TestRunner.privateRun(TestRunner.java:767)
	at org.testng.TestRunner.run(TestRunner.java:617)
	at org.testng.SuiteRunner.runTest(SuiteRunner.java:334)
	at org.testng.SuiteRunner.runSequentially(SuiteRunner.java:329)
	at org.testng.SuiteRunner.privateRun(SuiteRunner.java:291)
	at org.testng.SuiteRunner.run(SuiteRunner.java:240)
	at org.testng.SuiteRunnerWorker.runSuite(SuiteRunnerWorker.java:51)
	at org.testng.SuiteRunnerWorker.run(SuiteRunnerWorker.java:85)
	at org.testng.TestNG.runSuitesSequentially(TestNG.java:1197)
	at org.testng.TestNG.runSuitesLocally(TestNG.java:1122)
	at org.testng.TestNG.run(TestNG.java:1030)
	at org.testng.TestNG.privateMain(TestNG.java:1337)
	at org.testng.TestNG.main(TestNG.java:1306)
]]>
            </full-stacktrace>
          </exception> <!-- org.jmlspecs.jmlunitng.testng.PreconditionSkipException -->
          <reporter-output>
          </reporter-output>
        </test-method> <!-- test_setSalary__double_salary__0 -->
        <test-method status="SKIP" signature="test_setSalary__double_salary__0(org.softlang.model.Employee, double)[pri:0, instance:org.softlang.model.Employee_JML_Test@41bb8b29]" name="test_setSalary__double_salary__0" duration-ms="1" started-at="2012-08-19T16:35:42Z" data-provider="p_setSalary__double_salary__0" depends-on-methods="org.softlang.model.Employee_JML_Test.test_racEnabled" finished-at="2012-08-19T16:35:42Z">
          <params>
            <param index="0">
              <value is-null="true"/>
            </param>
            <param index="1">
              <value>
                <![CDATA[0.0]]>
              </value>
            </param>
          </params>
          <exception class="org.jmlspecs.jmlunitng.testng.PreconditionSkipException">
            <message>
              <![CDATA[could not construct an object to test]]>
            </message>
            <full-stacktrace>
              <![CDATA[org.jmlspecs.jmlunitng.testng.PreconditionSkipException: could not construct an object to test
	at org.softlang.model.Employee_JML_Test.test_setSalary__double_salary__0(Employee_JML_Test.java:243)
	at sun.reflect.NativeMethodAccessorImpl.invoke0(Native Method)
	at sun.reflect.NativeMethodAccessorImpl.invoke(NativeMethodAccessorImpl.java:57)
	at sun.reflect.DelegatingMethodAccessorImpl.invoke(DelegatingMethodAccessorImpl.java:43)
	at java.lang.reflect.Method.invoke(Method.java:601)
	at org.testng.internal.MethodInvocationHelper.invokeMethod(MethodInvocationHelper.java:80)
	at org.testng.internal.Invoker.invokeMethod(Invoker.java:715)
	at org.testng.internal.Invoker.invokeTestMethod(Invoker.java:907)
	at org.testng.internal.Invoker.invokeTestMethods(Invoker.java:1237)
	at org.testng.internal.TestMethodWorker.invokeTestMethods(TestMethodWorker.java:127)
	at org.testng.internal.TestMethodWorker.run(TestMethodWorker.java:111)
	at org.testng.TestRunner.privateRun(TestRunner.java:767)
	at org.testng.TestRunner.run(TestRunner.java:617)
	at org.testng.SuiteRunner.runTest(SuiteRunner.java:334)
	at org.testng.SuiteRunner.runSequentially(SuiteRunner.java:329)
	at org.testng.SuiteRunner.privateRun(SuiteRunner.java:291)
	at org.testng.SuiteRunner.run(SuiteRunner.java:240)
	at org.testng.SuiteRunnerWorker.runSuite(SuiteRunnerWorker.java:51)
	at org.testng.SuiteRunnerWorker.run(SuiteRunnerWorker.java:85)
	at org.testng.TestNG.runSuitesSequentially(TestNG.java:1197)
	at org.testng.TestNG.runSuitesLocally(TestNG.java:1122)
	at org.testng.TestNG.run(TestNG.java:1030)
	at org.testng.TestNG.privateMain(TestNG.java:1337)
	at org.testng.TestNG.main(TestNG.java:1306)
]]>
            </full-stacktrace>
          </exception> <!-- org.jmlspecs.jmlunitng.testng.PreconditionSkipException -->
          <reporter-output>
          </reporter-output>
        </test-method> <!-- test_setSalary__double_salary__0 -->
        <test-method status="SKIP" signature="test_setSalary__double_salary__0(org.softlang.model.Employee, double)[pri:0, instance:org.softlang.model.Employee_JML_Test@41bb8b29]" name="test_setSalary__double_salary__0" duration-ms="0" started-at="2012-08-19T16:35:42Z" data-provider="p_setSalary__double_salary__0" depends-on-methods="org.softlang.model.Employee_JML_Test.test_racEnabled" finished-at="2012-08-19T16:35:42Z">
          <params>
            <param index="0">
              <value is-null="true"/>
            </param>
            <param index="1">
              <value>
                <![CDATA[Infinity]]>
              </value>
            </param>
          </params>
          <exception class="org.jmlspecs.jmlunitng.testng.PreconditionSkipException">
            <message>
              <![CDATA[could not construct an object to test]]>
            </message>
            <full-stacktrace>
              <![CDATA[org.jmlspecs.jmlunitng.testng.PreconditionSkipException: could not construct an object to test
	at org.softlang.model.Employee_JML_Test.test_setSalary__double_salary__0(Employee_JML_Test.java:243)
	at sun.reflect.NativeMethodAccessorImpl.invoke0(Native Method)
	at sun.reflect.NativeMethodAccessorImpl.invoke(NativeMethodAccessorImpl.java:57)
	at sun.reflect.DelegatingMethodAccessorImpl.invoke(DelegatingMethodAccessorImpl.java:43)
	at java.lang.reflect.Method.invoke(Method.java:601)
	at org.testng.internal.MethodInvocationHelper.invokeMethod(MethodInvocationHelper.java:80)
	at org.testng.internal.Invoker.invokeMethod(Invoker.java:715)
	at org.testng.internal.Invoker.invokeTestMethod(Invoker.java:907)
	at org.testng.internal.Invoker.invokeTestMethods(Invoker.java:1237)
	at org.testng.internal.TestMethodWorker.invokeTestMethods(TestMethodWorker.java:127)
	at org.testng.internal.TestMethodWorker.run(TestMethodWorker.java:111)
	at org.testng.TestRunner.privateRun(TestRunner.java:767)
	at org.testng.TestRunner.run(TestRunner.java:617)
	at org.testng.SuiteRunner.runTest(SuiteRunner.java:334)
	at org.testng.SuiteRunner.runSequentially(SuiteRunner.java:329)
	at org.testng.SuiteRunner.privateRun(SuiteRunner.java:291)
	at org.testng.SuiteRunner.run(SuiteRunner.java:240)
	at org.testng.SuiteRunnerWorker.runSuite(SuiteRunnerWorker.java:51)
	at org.testng.SuiteRunnerWorker.run(SuiteRunnerWorker.java:85)
	at org.testng.TestNG.runSuitesSequentially(TestNG.java:1197)
	at org.testng.TestNG.runSuitesLocally(TestNG.java:1122)
	at org.testng.TestNG.run(TestNG.java:1030)
	at org.testng.TestNG.privateMain(TestNG.java:1337)
	at org.testng.TestNG.main(TestNG.java:1306)
]]>
            </full-stacktrace>
          </exception> <!-- org.jmlspecs.jmlunitng.testng.PreconditionSkipException -->
          <reporter-output>
          </reporter-output>
        </test-method> <!-- test_setSalary__double_salary__0 -->
      </class> <!-- org.softlang.model.Employee_JML_Test -->
    </test> <!-- Ant test -->
  </suite> <!-- Ant suite -->
</testng-results>
