<?xml version="1.0" encoding="UTF-8"?>
<!-- Generated by org.testng.reporters.JUnitReportReporter -->
<testsuite hostname="Rodrigo-Bonifacios-iMac.local" name="org.softlang.structure.Employee_JML_Test" tests="7" failures="1" timestamp="19 Aug 2012 16:34:32 GMT" time="0.021" errors="0">
  <testcase name="test_setSalary__double_s__0" time="0.001" classname="org.softlang.structure.Employee_JML_Test">
    <failure type="org.testng.TestException" message="

By method Employee.setSalary@pre
Regarding specifications at
  File &quot;/Users/hephaestus/workspace/101companies/src/./org/softlang/structure/Employee.java&quot;, line 9, character 26
With values
  salary: -Infinity
">
      <![CDATA[org.testng.TestException: 

By method Employee.setSalary@pre
Regarding specifications at
  File "/Users/hephaestus/workspace/101companies/src/./org/softlang/structure/Employee.java", line 9, character 26
With values
  salary: -Infinity

	at org.softlang.structure.Employee_JML_Test.test_setSalary__double_s__0(Employee_JML_Test.java:215)
	at sun.reflect.NativeMethodAccessorImpl.invoke0(Native Method)
	at sun.reflect.NativeMethodAccessorImpl.invoke(NativeMethodAccessorImpl.java:57)
	at sun.reflect.DelegatingMethodAccessorImpl.invoke(DelegatingMethodAccessorImpl.java:43)
	at java.lang.reflect.Method.invoke(Method.java:601)
	at org.testng.internal.MethodInvocationHelper.invokeMethod(MethodInvocationHelper.java:80)
	at org.testng.internal.Invoker.invokeMethod(Invoker.java:715)
	at org.testng.internal.Invoker.invokeTestMethod(Invoker.java:907)
	at org.testng.internal.Invoker.invokeTestMethods(Invoker.java:1237)
	at org.testng.internal.TestMethodWorker.invokeTestMethods(TestMethodWorker.java:127)
	at org.testng.internal.TestMethodWorker.run(TestMethodWorker.java:111)
	at org.testng.TestRunner.privateRun(TestRunner.java:767)
	at org.testng.TestRunner.run(TestRunner.java:617)
	at org.testng.SuiteRunner.runTest(SuiteRunner.java:334)
	at org.testng.SuiteRunner.runSequentially(SuiteRunner.java:329)
	at org.testng.SuiteRunner.privateRun(SuiteRunner.java:291)
	at org.testng.SuiteRunner.run(SuiteRunner.java:240)
	at org.testng.SuiteRunnerWorker.runSuite(SuiteRunnerWorker.java:51)
	at org.testng.SuiteRunnerWorker.run(SuiteRunnerWorker.java:85)
	at org.testng.TestNG.runSuitesSequentially(TestNG.java:1197)
	at org.testng.TestNG.runSuitesLocally(TestNG.java:1122)
	at org.testng.TestNG.run(TestNG.java:1030)
	at org.testng.TestNG.privateMain(TestNG.java:1337)
	at org.testng.TestNG.main(TestNG.java:1306)
]]>
    </failure>
  </testcase> <!-- test_setSalary__double_s__0 -->
  <testcase name="test_Employee__0" time="0.002" classname="org.softlang.structure.Employee_JML_Test"/>
  <testcase name="test_setSalary__double_s__0" time="0.000" classname="org.softlang.structure.Employee_JML_Test"/>
  <testcase name="test_total__0" time="0.000" classname="org.softlang.structure.Employee_JML_Test"/>
  <testcase name="test_setSalary__double_s__0" time="0.000" classname="org.softlang.structure.Employee_JML_Test"/>
  <testcase name="test_racEnabled" time="0.018" classname="org.softlang.structure.Employee_JML_Test"/>
  <testcase name="test_getSalary__0" time="0.000" classname="org.softlang.structure.Employee_JML_Test"/>
</testsuite> <!-- org.softlang.structure.Employee_JML_Test -->
